<?xml version="1.0" encoding="UTF-8"?>
<!-- Generated by org.testng.reporters.JUnitReportReporter -->
<testsuite hostname="DESKTOP-G8HSDBH" failures="0" tests="2" name="TestScripts.VerifySwiggyTitleChrome" time="0.276" errors="0" timestamp="2023-03-13T19:21:31 IST" skipped="0">
  <testcase classname="TestScripts.VerifySwiggyTitleChrome" name="verifyTitle" time="0.061"/>
  <system-out/>
  <testcase classname="TestScripts.VerifySwiggyTitleChrome" name="enterLocation" time="0.215"/>
  <system-out/>
</testsuite> <!-- TestScripts.VerifySwiggyTitleChrome -->
