<?xml version="1.0" encoding="UTF-8"?>
<!-- Generated by org.testng.reporters.JUnitReportReporter -->
<testsuite hostname="DESKTOP-G8HSDBH" failures="0" tests="2" name="TestScripts.VerifySwiggyTitleFirefox" time="0.711" errors="0" timestamp="2023-03-13T19:21:31 IST" skipped="0">
  <testcase classname="TestScripts.VerifySwiggyTitleFirefox" name="verifyTitle" time="0.060"/>
  <system-out/>
  <testcase classname="TestScripts.VerifySwiggyTitleFirefox" name="enterLocation" time="0.651"/>
  <system-out/>
</testsuite> <!-- TestScripts.VerifySwiggyTitleFirefox -->
