<?xml version="1.0" encoding="UTF-8"?>
<!-- Generated by org.testng.reporters.JUnitReportReporter -->
<testsuite hostname="DESKTOP-G8HSDBH" failures="0" tests="1" name="TestScripts.AutomateSwiggyApp" time="85.938" errors="0" timestamp="2023-03-13T18:14:12 IST" skipped="0">
  <testcase classname="TestScripts.AutomateSwiggyApp" name="test" time="85.938"/>
  <system-out/>
</testsuite> <!-- TestScripts.AutomateSwiggyApp -->
