<?xml version="1.0" encoding="UTF-8"?>
<!-- Generated by org.testng.reporters.JUnitReportReporter -->
<testsuite hostname="DESKTOP-G8HSDBH" failures="0" tests="2" name="TestScripts.SwiggyWithDocker" time="0.199" errors="0" timestamp="2023-03-10T20:14:54 IST" skipped="0">
  <testcase classname="TestScripts.SwiggyWithDocker" name="verifyTitle" time="0.039"/>
  <system-out/>
  <testcase classname="TestScripts.SwiggyWithDocker" name="enterLocation" time="0.160"/>
  <system-out/>
</testsuite> <!-- TestScripts.SwiggyWithDocker -->
