<?xml version="1.0" encoding="UTF-8"?>
<!-- Generated by org.testng.reporters.JUnitReportReporter -->
<testsuite hostname="DESKTOP-G8HSDBH" failures="0" tests="1" name="Demo.SpinnerDemo1" time="14.228" errors="0" timestamp="2023-03-03T19:57:13 IST" skipped="0">
  <testcase classname="Demo.SpinnerDemo1" name="selectValuesFromDropDown" time="14.228"/>
  <system-out/>
</testsuite> <!-- Demo.SpinnerDemo1 -->
