<?xml version="1.0" encoding="UTF-8"?>
<!-- Generated by org.testng.reporters.JUnitReportReporter -->
<testsuite hostname="DESKTOP-G8HSDBH" failures="0" tests="2" name="demo.ZoomInOut" time="17.509" errors="0" timestamp="2023-02-27T19:49:17 IST" skipped="0">
  <testcase classname="demo.ZoomInOut" name="zoomIn" time="7.242"/>
  <system-out/>
  <testcase classname="demo.ZoomInOut" name="zoomOut" time="10.267"/>
  <system-out/>
</testsuite> <!-- demo.ZoomInOut -->
