<?xml version="1.0" encoding="UTF-8"?>
<!-- Generated by org.testng.reporters.JUnitReportReporter -->
<testsuite hostname="DESKTOP-G8HSDBH" failures="0" tests="1" name="demo.SwipeDemo" time="1.994" errors="0" timestamp="2023-02-23T11:09:04 IST" skipped="0">
  <testcase classname="demo.SwipeDemo" name="swipeRight" time="1.994"/>
  <system-out/>
</testsuite> <!-- demo.SwipeDemo -->
